Start testing: Sep 15 10:27 中国标准时间
----------------------------------------------------------
12/61 Testing: tinydbms.buffer_pool_loading
12/61 Test: tinydbms.buffer_pool_loading
Command: "D:/tinydbms/tinydbms/build-real/tests/tinydbms.buffer_pool_concurrency_test.exe"
Directory: D:/tinydbms/tinydbms/build-real/tests
"tinydbms.buffer_pool_loading" start time: Sep 15 10:27 中国标准时间
Output:
----------------------------------------------------------
<end of output>
Test time =   0.06 sec
----------------------------------------------------------
Test Passed.
"tinydbms.buffer_pool_loading" end time: Sep 15 10:27 中国标准时间
"tinydbms.buffer_pool_loading" time elapsed: 00:00:00
----------------------------------------------------------

12/61 Testing: tinydbms.buffer_pool_loading
12/61 Test: tinydbms.buffer_pool_loading
Command: "D:/tinydbms/tinydbms/build-real/tests/tinydbms.buffer_pool_concurrency_test.exe"
Directory: D:/tinydbms/tinydbms/build-real/tests
"tinydbms.buffer_pool_loading" start time: Sep 15 10:27 中国标准时间
Output:
----------------------------------------------------------
<end of output>
Test time =   0.06 sec
----------------------------------------------------------
Test Passed.
"tinydbms.buffer_pool_loading" end time: Sep 15 10:27 中国标准时间
"tinydbms.buffer_pool_loading" time elapsed: 00:00:00
----------------------------------------------------------

12/61 Testing: tinydbms.buffer_pool_loading
12/61 Test: tinydbms.buffer_pool_loading
Command: "D:/tinydbms/tinydbms/build-real/tests/tinydbms.buffer_pool_concurrency_test.exe"
Directory: D:/tinydbms/tinydbms/build-real/tests
"tinydbms.buffer_pool_loading" start time: Sep 15 10:27 中国标准时间
Output:
----------------------------------------------------------
<end of output>
Test time =   0.06 sec
----------------------------------------------------------
Test Passed.
"tinydbms.buffer_pool_loading" end time: Sep 15 10:27 中国标准时间
"tinydbms.buffer_pool_loading" time elapsed: 00:00:00
----------------------------------------------------------

12/61 Testing: tinydbms.buffer_pool_loading
12/61 Test: tinydbms.buffer_pool_loading
Command: "D:/tinydbms/tinydbms/build-real/tests/tinydbms.buffer_pool_concurrency_test.exe"
Directory: D:/tinydbms/tinydbms/build-real/tests
"tinydbms.buffer_pool_loading" start time: Sep 15 10:27 中国标准时间
Output:
----------------------------------------------------------
<end of output>
Test time =   0.06 sec
----------------------------------------------------------
Test Passed.
"tinydbms.buffer_pool_loading" end time: Sep 15 10:27 中国标准时间
"tinydbms.buffer_pool_loading" time elapsed: 00:00:00
----------------------------------------------------------

12/61 Testing: tinydbms.buffer_pool_loading
12/61 Test: tinydbms.buffer_pool_loading
Command: "D:/tinydbms/tinydbms/build-real/tests/tinydbms.buffer_pool_concurrency_test.exe"
Directory: D:/tinydbms/tinydbms/build-real/tests
"tinydbms.buffer_pool_loading" start time: Sep 15 10:27 中国标准时间
Output:
----------------------------------------------------------
<end of output>
Test time =   0.06 sec
----------------------------------------------------------
Test Passed.
"tinydbms.buffer_pool_loading" end time: Sep 15 10:27 中国标准时间
"tinydbms.buffer_pool_loading" time elapsed: 00:00:00
----------------------------------------------------------

12/61 Testing: tinydbms.buffer_pool_loading
12/61 Test: tinydbms.buffer_pool_loading
Command: "D:/tinydbms/tinydbms/build-real/tests/tinydbms.buffer_pool_concurrency_test.exe"
Directory: D:/tinydbms/tinydbms/build-real/tests
"tinydbms.buffer_pool_loading" start time: Sep 15 10:27 中国标准时间
Output:
----------------------------------------------------------
<end of output>
Test time =   0.07 sec
----------------------------------------------------------
Test Passed.
"tinydbms.buffer_pool_loading" end time: Sep 15 10:27 中国标准时间
"tinydbms.buffer_pool_loading" time elapsed: 00:00:00
----------------------------------------------------------

12/61 Testing: tinydbms.buffer_pool_loading
12/61 Test: tinydbms.buffer_pool_loading
Command: "D:/tinydbms/tinydbms/build-real/tests/tinydbms.buffer_pool_concurrency_test.exe"
Directory: D:/tinydbms/tinydbms/build-real/tests
"tinydbms.buffer_pool_loading" start time: Sep 15 10:27 中国标准时间
Output:
----------------------------------------------------------
<end of output>
Test time =   0.07 sec
----------------------------------------------------------
Test Passed.
"tinydbms.buffer_pool_loading" end time: Sep 15 10:27 中国标准时间
"tinydbms.buffer_pool_loading" time elapsed: 00:00:00
----------------------------------------------------------

12/61 Testing: tinydbms.buffer_pool_loading
12/61 Test: tinydbms.buffer_pool_loading
Command: "D:/tinydbms/tinydbms/build-real/tests/tinydbms.buffer_pool_concurrency_test.exe"
Directory: D:/tinydbms/tinydbms/build-real/tests
"tinydbms.buffer_pool_loading" start time: Sep 15 10:27 中国标准时间
Output:
----------------------------------------------------------
<end of output>
Test time =   0.06 sec
----------------------------------------------------------
Test Passed.
"tinydbms.buffer_pool_loading" end time: Sep 15 10:27 中国标准时间
"tinydbms.buffer_pool_loading" time elapsed: 00:00:00
----------------------------------------------------------

12/61 Testing: tinydbms.buffer_pool_loading
12/61 Test: tinydbms.buffer_pool_loading
Command: "D:/tinydbms/tinydbms/build-real/tests/tinydbms.buffer_pool_concurrency_test.exe"
Directory: D:/tinydbms/tinydbms/build-real/tests
"tinydbms.buffer_pool_loading" start time: Sep 15 10:27 中国标准时间
Output:
----------------------------------------------------------
<end of output>
Test time =   0.06 sec
----------------------------------------------------------
Test Passed.
"tinydbms.buffer_pool_loading" end time: Sep 15 10:27 中国标准时间
"tinydbms.buffer_pool_loading" time elapsed: 00:00:00
----------------------------------------------------------

12/61 Testing: tinydbms.buffer_pool_loading
12/61 Test: tinydbms.buffer_pool_loading
Command: "D:/tinydbms/tinydbms/build-real/tests/tinydbms.buffer_pool_concurrency_test.exe"
Directory: D:/tinydbms/tinydbms/build-real/tests
"tinydbms.buffer_pool_loading" start time: Sep 15 10:27 中国标准时间
Output:
----------------------------------------------------------
<end of output>
Test time =   0.06 sec
----------------------------------------------------------
Test Passed.
"tinydbms.buffer_pool_loading" end time: Sep 15 10:27 中国标准时间
"tinydbms.buffer_pool_loading" time elapsed: 00:00:00
----------------------------------------------------------

12/61 Testing: tinydbms.buffer_pool_loading
12/61 Test: tinydbms.buffer_pool_loading
Command: "D:/tinydbms/tinydbms/build-real/tests/tinydbms.buffer_pool_concurrency_test.exe"
Directory: D:/tinydbms/tinydbms/build-real/tests
"tinydbms.buffer_pool_loading" start time: Sep 15 10:27 中国标准时间
Output:
----------------------------------------------------------
<end of output>
Test time =   0.06 sec
----------------------------------------------------------
Test Passed.
"tinydbms.buffer_pool_loading" end time: Sep 15 10:27 中国标准时间
"tinydbms.buffer_pool_loading" time elapsed: 00:00:00
----------------------------------------------------------

12/61 Testing: tinydbms.buffer_pool_loading
12/61 Test: tinydbms.buffer_pool_loading
Command: "D:/tinydbms/tinydbms/build-real/tests/tinydbms.buffer_pool_concurrency_test.exe"
Directory: D:/tinydbms/tinydbms/build-real/tests
"tinydbms.buffer_pool_loading" start time: Sep 15 10:27 中国标准时间
Output:
----------------------------------------------------------
<end of output>
Test time =   0.07 sec
----------------------------------------------------------
Test Passed.
"tinydbms.buffer_pool_loading" end time: Sep 15 10:27 中国标准时间
"tinydbms.buffer_pool_loading" time elapsed: 00:00:00
----------------------------------------------------------

12/61 Testing: tinydbms.buffer_pool_loading
12/61 Test: tinydbms.buffer_pool_loading
Command: "D:/tinydbms/tinydbms/build-real/tests/tinydbms.buffer_pool_concurrency_test.exe"
Directory: D:/tinydbms/tinydbms/build-real/tests
"tinydbms.buffer_pool_loading" start time: Sep 15 10:27 中国标准时间
Output:
----------------------------------------------------------
<end of output>
Test time =   0.06 sec
----------------------------------------------------------
Test Passed.
"tinydbms.buffer_pool_loading" end time: Sep 15 10:27 中国标准时间
"tinydbms.buffer_pool_loading" time elapsed: 00:00:00
----------------------------------------------------------

12/61 Testing: tinydbms.buffer_pool_loading
12/61 Test: tinydbms.buffer_pool_loading
Command: "D:/tinydbms/tinydbms/build-real/tests/tinydbms.buffer_pool_concurrency_test.exe"
Directory: D:/tinydbms/tinydbms/build-real/tests
"tinydbms.buffer_pool_loading" start time: Sep 15 10:27 中国标准时间
Output:
----------------------------------------------------------
<end of output>
Test time =   0.06 sec
----------------------------------------------------------
Test Passed.
"tinydbms.buffer_pool_loading" end time: Sep 15 10:27 中国标准时间
"tinydbms.buffer_pool_loading" time elapsed: 00:00:00
----------------------------------------------------------

12/61 Testing: tinydbms.buffer_pool_loading
12/61 Test: tinydbms.buffer_pool_loading
Command: "D:/tinydbms/tinydbms/build-real/tests/tinydbms.buffer_pool_concurrency_test.exe"
Directory: D:/tinydbms/tinydbms/build-real/tests
"tinydbms.buffer_pool_loading" start time: Sep 15 10:27 中国标准时间
Output:
----------------------------------------------------------
<end of output>
Test time =   0.06 sec
----------------------------------------------------------
Test Passed.
"tinydbms.buffer_pool_loading" end time: Sep 15 10:27 中国标准时间
"tinydbms.buffer_pool_loading" time elapsed: 00:00:00
----------------------------------------------------------

12/61 Testing: tinydbms.buffer_pool_loading
12/61 Test: tinydbms.buffer_pool_loading
Command: "D:/tinydbms/tinydbms/build-real/tests/tinydbms.buffer_pool_concurrency_test.exe"
Directory: D:/tinydbms/tinydbms/build-real/tests
"tinydbms.buffer_pool_loading" start time: Sep 15 10:27 中国标准时间
Output:
----------------------------------------------------------
<end of output>
Test time =   0.06 sec
----------------------------------------------------------
Test Passed.
"tinydbms.buffer_pool_loading" end time: Sep 15 10:27 中国标准时间
"tinydbms.buffer_pool_loading" time elapsed: 00:00:00
----------------------------------------------------------

12/61 Testing: tinydbms.buffer_pool_loading
12/61 Test: tinydbms.buffer_pool_loading
Command: "D:/tinydbms/tinydbms/build-real/tests/tinydbms.buffer_pool_concurrency_test.exe"
Directory: D:/tinydbms/tinydbms/build-real/tests
"tinydbms.buffer_pool_loading" start time: Sep 15 10:27 中国标准时间
Output:
----------------------------------------------------------
<end of output>
Test time =   0.06 sec
----------------------------------------------------------
Test Passed.
"tinydbms.buffer_pool_loading" end time: Sep 15 10:27 中国标准时间
"tinydbms.buffer_pool_loading" time elapsed: 00:00:00
----------------------------------------------------------

12/61 Testing: tinydbms.buffer_pool_loading
12/61 Test: tinydbms.buffer_pool_loading
Command: "D:/tinydbms/tinydbms/build-real/tests/tinydbms.buffer_pool_concurrency_test.exe"
Directory: D:/tinydbms/tinydbms/build-real/tests
"tinydbms.buffer_pool_loading" start time: Sep 15 10:27 中国标准时间
Output:
----------------------------------------------------------
<end of output>
Test time =   0.06 sec
----------------------------------------------------------
Test Passed.
"tinydbms.buffer_pool_loading" end time: Sep 15 10:27 中国标准时间
"tinydbms.buffer_pool_loading" time elapsed: 00:00:00
----------------------------------------------------------

12/61 Testing: tinydbms.buffer_pool_loading
12/61 Test: tinydbms.buffer_pool_loading
Command: "D:/tinydbms/tinydbms/build-real/tests/tinydbms.buffer_pool_concurrency_test.exe"
Directory: D:/tinydbms/tinydbms/build-real/tests
"tinydbms.buffer_pool_loading" start time: Sep 15 10:27 中国标准时间
Output:
----------------------------------------------------------
<end of output>
Test time =   0.06 sec
----------------------------------------------------------
Test Passed.
"tinydbms.buffer_pool_loading" end time: Sep 15 10:27 中国标准时间
"tinydbms.buffer_pool_loading" time elapsed: 00:00:00
----------------------------------------------------------

12/61 Testing: tinydbms.buffer_pool_loading
12/61 Test: tinydbms.buffer_pool_loading
Command: "D:/tinydbms/tinydbms/build-real/tests/tinydbms.buffer_pool_concurrency_test.exe"
Directory: D:/tinydbms/tinydbms/build-real/tests
"tinydbms.buffer_pool_loading" start time: Sep 15 10:27 中国标准时间
Output:
----------------------------------------------------------
<end of output>
Test time =   0.06 sec
----------------------------------------------------------
Test Passed.
"tinydbms.buffer_pool_loading" end time: Sep 15 10:27 中国标准时间
"tinydbms.buffer_pool_loading" time elapsed: 00:00:00
----------------------------------------------------------

13/61 Testing: tinydbms.buffer_pool_clean_victim
13/61 Test: tinydbms.buffer_pool_clean_victim
Command: "D:/tinydbms/tinydbms/build-real/tests/tinydbms.buffer_pool_concurrency_test.exe"
Directory: D:/tinydbms/tinydbms/build-real/tests
"tinydbms.buffer_pool_clean_victim" start time: Sep 15 10:27 中国标准时间
Output:
----------------------------------------------------------
<end of output>
Test time =   0.09 sec
----------------------------------------------------------
Test Passed.
"tinydbms.buffer_pool_clean_victim" end time: Sep 15 10:27 中国标准时间
"tinydbms.buffer_pool_clean_victim" time elapsed: 00:00:00
----------------------------------------------------------

13/61 Testing: tinydbms.buffer_pool_clean_victim
13/61 Test: tinydbms.buffer_pool_clean_victim
Command: "D:/tinydbms/tinydbms/build-real/tests/tinydbms.buffer_pool_concurrency_test.exe"
Directory: D:/tinydbms/tinydbms/build-real/tests
"tinydbms.buffer_pool_clean_victim" start time: Sep 15 10:27 中国标准时间
Output:
----------------------------------------------------------
<end of output>
Test time =   0.07 sec
----------------------------------------------------------
Test Passed.
"tinydbms.buffer_pool_clean_victim" end time: Sep 15 10:27 中国标准时间
"tinydbms.buffer_pool_clean_victim" time elapsed: 00:00:00
----------------------------------------------------------

13/61 Testing: tinydbms.buffer_pool_clean_victim
13/61 Test: tinydbms.buffer_pool_clean_victim
Command: "D:/tinydbms/tinydbms/build-real/tests/tinydbms.buffer_pool_concurrency_test.exe"
Directory: D:/tinydbms/tinydbms/build-real/tests
"tinydbms.buffer_pool_clean_victim" start time: Sep 15 10:27 中国标准时间
Output:
----------------------------------------------------------
<end of output>
Test time =   0.07 sec
----------------------------------------------------------
Test Passed.
"tinydbms.buffer_pool_clean_victim" end time: Sep 15 10:27 中国标准时间
"tinydbms.buffer_pool_clean_victim" time elapsed: 00:00:00
----------------------------------------------------------

13/61 Testing: tinydbms.buffer_pool_clean_victim
13/61 Test: tinydbms.buffer_pool_clean_victim
Command: "D:/tinydbms/tinydbms/build-real/tests/tinydbms.buffer_pool_concurrency_test.exe"
Directory: D:/tinydbms/tinydbms/build-real/tests
"tinydbms.buffer_pool_clean_victim" start time: Sep 15 10:27 中国标准时间
Output:
----------------------------------------------------------
<end of output>
Test time =   0.06 sec
----------------------------------------------------------
Test Passed.
"tinydbms.buffer_pool_clean_victim" end time: Sep 15 10:27 中国标准时间
"tinydbms.buffer_pool_clean_victim" time elapsed: 00:00:00
----------------------------------------------------------

13/61 Testing: tinydbms.buffer_pool_clean_victim
13/61 Test: tinydbms.buffer_pool_clean_victim
Command: "D:/tinydbms/tinydbms/build-real/tests/tinydbms.buffer_pool_concurrency_test.exe"
Directory: D:/tinydbms/tinydbms/build-real/tests
"tinydbms.buffer_pool_clean_victim" start time: Sep 15 10:27 中国标准时间
Output:
----------------------------------------------------------
<end of output>
Test time =   0.06 sec
----------------------------------------------------------
Test Passed.
"tinydbms.buffer_pool_clean_victim" end time: Sep 15 10:27 中国标准时间
"tinydbms.buffer_pool_clean_victim" time elapsed: 00:00:00
----------------------------------------------------------

13/61 Testing: tinydbms.buffer_pool_clean_victim
13/61 Test: tinydbms.buffer_pool_clean_victim
Command: "D:/tinydbms/tinydbms/build-real/tests/tinydbms.buffer_pool_concurrency_test.exe"
Directory: D:/tinydbms/tinydbms/build-real/tests
"tinydbms.buffer_pool_clean_victim" start time: Sep 15 10:27 中国标准时间
Output:
----------------------------------------------------------
<end of output>
Test time =   0.06 sec
----------------------------------------------------------
Test Passed.
"tinydbms.buffer_pool_clean_victim" end time: Sep 15 10:27 中国标准时间
"tinydbms.buffer_pool_clean_victim" time elapsed: 00:00:00
----------------------------------------------------------

13/61 Testing: tinydbms.buffer_pool_clean_victim
13/61 Test: tinydbms.buffer_pool_clean_victim
Command: "D:/tinydbms/tinydbms/build-real/tests/tinydbms.buffer_pool_concurrency_test.exe"
Directory: D:/tinydbms/tinydbms/build-real/tests
"tinydbms.buffer_pool_clean_victim" start time: Sep 15 10:27 中国标准时间
Output:
----------------------------------------------------------
<end of output>
Test time =   0.06 sec
----------------------------------------------------------
Test Passed.
"tinydbms.buffer_pool_clean_victim" end time: Sep 15 10:27 中国标准时间
"tinydbms.buffer_pool_clean_victim" time elapsed: 00:00:00
----------------------------------------------------------

13/61 Testing: tinydbms.buffer_pool_clean_victim
13/61 Test: tinydbms.buffer_pool_clean_victim
Command: "D:/tinydbms/tinydbms/build-real/tests/tinydbms.buffer_pool_concurrency_test.exe"
Directory: D:/tinydbms/tinydbms/build-real/tests
"tinydbms.buffer_pool_clean_victim" start time: Sep 15 10:27 中国标准时间
Output:
----------------------------------------------------------
<end of output>
Test time =   0.06 sec
----------------------------------------------------------
Test Passed.
"tinydbms.buffer_pool_clean_victim" end time: Sep 15 10:27 中国标准时间
"tinydbms.buffer_pool_clean_victim" time elapsed: 00:00:00
----------------------------------------------------------

13/61 Testing: tinydbms.buffer_pool_clean_victim
13/61 Test: tinydbms.buffer_pool_clean_victim
Command: "D:/tinydbms/tinydbms/build-real/tests/tinydbms.buffer_pool_concurrency_test.exe"
Directory: D:/tinydbms/tinydbms/build-real/tests
"tinydbms.buffer_pool_clean_victim" start time: Sep 15 10:27 中国标准时间
Output:
----------------------------------------------------------
<end of output>
Test time =   0.06 sec
----------------------------------------------------------
Test Passed.
"tinydbms.buffer_pool_clean_victim" end time: Sep 15 10:27 中国标准时间
"tinydbms.buffer_pool_clean_victim" time elapsed: 00:00:00
----------------------------------------------------------

13/61 Testing: tinydbms.buffer_pool_clean_victim
13/61 Test: tinydbms.buffer_pool_clean_victim
Command: "D:/tinydbms/tinydbms/build-real/tests/tinydbms.buffer_pool_concurrency_test.exe"
Directory: D:/tinydbms/tinydbms/build-real/tests
"tinydbms.buffer_pool_clean_victim" start time: Sep 15 10:27 中国标准时间
Output:
----------------------------------------------------------
<end of output>
Test time =   0.06 sec
----------------------------------------------------------
Test Passed.
"tinydbms.buffer_pool_clean_victim" end time: Sep 15 10:27 中国标准时间
"tinydbms.buffer_pool_clean_victim" time elapsed: 00:00:00
----------------------------------------------------------

13/61 Testing: tinydbms.buffer_pool_clean_victim
13/61 Test: tinydbms.buffer_pool_clean_victim
Command: "D:/tinydbms/tinydbms/build-real/tests/tinydbms.buffer_pool_concurrency_test.exe"
Directory: D:/tinydbms/tinydbms/build-real/tests
"tinydbms.buffer_pool_clean_victim" start time: Sep 15 10:27 中国标准时间
Output:
----------------------------------------------------------
<end of output>
Test time =   0.06 sec
----------------------------------------------------------
Test Passed.
"tinydbms.buffer_pool_clean_victim" end time: Sep 15 10:27 中国标准时间
"tinydbms.buffer_pool_clean_victim" time elapsed: 00:00:00
----------------------------------------------------------

13/61 Testing: tinydbms.buffer_pool_clean_victim
13/61 Test: tinydbms.buffer_pool_clean_victim
Command: "D:/tinydbms/tinydbms/build-real/tests/tinydbms.buffer_pool_concurrency_test.exe"
Directory: D:/tinydbms/tinydbms/build-real/tests
"tinydbms.buffer_pool_clean_victim" start time: Sep 15 10:27 中国标准时间
Output:
----------------------------------------------------------
<end of output>
Test time =   0.06 sec
----------------------------------------------------------
Test Passed.
"tinydbms.buffer_pool_clean_victim" end time: Sep 15 10:27 中国标准时间
"tinydbms.buffer_pool_clean_victim" time elapsed: 00:00:00
----------------------------------------------------------

13/61 Testing: tinydbms.buffer_pool_clean_victim
13/61 Test: tinydbms.buffer_pool_clean_victim
Command: "D:/tinydbms/tinydbms/build-real/tests/tinydbms.buffer_pool_concurrency_test.exe"
Directory: D:/tinydbms/tinydbms/build-real/tests
"tinydbms.buffer_pool_clean_victim" start time: Sep 15 10:27 中国标准时间
Output:
----------------------------------------------------------
<end of output>
Test time =   0.06 sec
----------------------------------------------------------
Test Passed.
"tinydbms.buffer_pool_clean_victim" end time: Sep 15 10:27 中国标准时间
"tinydbms.buffer_pool_clean_victim" time elapsed: 00:00:00
----------------------------------------------------------

13/61 Testing: tinydbms.buffer_pool_clean_victim
13/61 Test: tinydbms.buffer_pool_clean_victim
Command: "D:/tinydbms/tinydbms/build-real/tests/tinydbms.buffer_pool_concurrency_test.exe"
Directory: D:/tinydbms/tinydbms/build-real/tests
"tinydbms.buffer_pool_clean_victim" start time: Sep 15 10:27 中国标准时间
Output:
----------------------------------------------------------
<end of output>
Test time =   0.10 sec
----------------------------------------------------------
Test Passed.
"tinydbms.buffer_pool_clean_victim" end time: Sep 15 10:27 中国标准时间
"tinydbms.buffer_pool_clean_victim" time elapsed: 00:00:00
----------------------------------------------------------

13/61 Testing: tinydbms.buffer_pool_clean_victim
13/61 Test: tinydbms.buffer_pool_clean_victim
Command: "D:/tinydbms/tinydbms/build-real/tests/tinydbms.buffer_pool_concurrency_test.exe"
Directory: D:/tinydbms/tinydbms/build-real/tests
"tinydbms.buffer_pool_clean_victim" start time: Sep 15 10:27 中国标准时间
Output:
----------------------------------------------------------
<end of output>
Test time =   0.06 sec
----------------------------------------------------------
Test Passed.
"tinydbms.buffer_pool_clean_victim" end time: Sep 15 10:27 中国标准时间
"tinydbms.buffer_pool_clean_victim" time elapsed: 00:00:00
----------------------------------------------------------

13/61 Testing: tinydbms.buffer_pool_clean_victim
13/61 Test: tinydbms.buffer_pool_clean_victim
Command: "D:/tinydbms/tinydbms/build-real/tests/tinydbms.buffer_pool_concurrency_test.exe"
Directory: D:/tinydbms/tinydbms/build-real/tests
"tinydbms.buffer_pool_clean_victim" start time: Sep 15 10:27 中国标准时间
Output:
----------------------------------------------------------
<end of output>
Test time =   0.06 sec
----------------------------------------------------------
Test Passed.
"tinydbms.buffer_pool_clean_victim" end time: Sep 15 10:27 中国标准时间
"tinydbms.buffer_pool_clean_victim" time elapsed: 00:00:00
----------------------------------------------------------

13/61 Testing: tinydbms.buffer_pool_clean_victim
13/61 Test: tinydbms.buffer_pool_clean_victim
Command: "D:/tinydbms/tinydbms/build-real/tests/tinydbms.buffer_pool_concurrency_test.exe"
Directory: D:/tinydbms/tinydbms/build-real/tests
"tinydbms.buffer_pool_clean_victim" start time: Sep 15 10:27 中国标准时间
Output:
----------------------------------------------------------
<end of output>
Test time =   0.06 sec
----------------------------------------------------------
Test Passed.
"tinydbms.buffer_pool_clean_victim" end time: Sep 15 10:27 中国标准时间
"tinydbms.buffer_pool_clean_victim" time elapsed: 00:00:00
----------------------------------------------------------

13/61 Testing: tinydbms.buffer_pool_clean_victim
13/61 Test: tinydbms.buffer_pool_clean_victim
Command: "D:/tinydbms/tinydbms/build-real/tests/tinydbms.buffer_pool_concurrency_test.exe"
Directory: D:/tinydbms/tinydbms/build-real/tests
"tinydbms.buffer_pool_clean_victim" start time: Sep 15 10:27 中国标准时间
Output:
----------------------------------------------------------
<end of output>
Test time =   0.06 sec
----------------------------------------------------------
Test Passed.
"tinydbms.buffer_pool_clean_victim" end time: Sep 15 10:27 中国标准时间
"tinydbms.buffer_pool_clean_victim" time elapsed: 00:00:00
----------------------------------------------------------

13/61 Testing: tinydbms.buffer_pool_clean_victim
13/61 Test: tinydbms.buffer_pool_clean_victim
Command: "D:/tinydbms/tinydbms/build-real/tests/tinydbms.buffer_pool_concurrency_test.exe"
Directory: D:/tinydbms/tinydbms/build-real/tests
"tinydbms.buffer_pool_clean_victim" start time: Sep 15 10:27 中国标准时间
Output:
----------------------------------------------------------
<end of output>
Test time =   0.06 sec
----------------------------------------------------------
Test Passed.
"tinydbms.buffer_pool_clean_victim" end time: Sep 15 10:27 中国标准时间
"tinydbms.buffer_pool_clean_victim" time elapsed: 00:00:00
----------------------------------------------------------

13/61 Testing: tinydbms.buffer_pool_clean_victim
13/61 Test: tinydbms.buffer_pool_clean_victim
Command: "D:/tinydbms/tinydbms/build-real/tests/tinydbms.buffer_pool_concurrency_test.exe"
Directory: D:/tinydbms/tinydbms/build-real/tests
"tinydbms.buffer_pool_clean_victim" start time: Sep 15 10:27 中国标准时间
Output:
----------------------------------------------------------
<end of output>
Test time =   0.06 sec
----------------------------------------------------------
Test Passed.
"tinydbms.buffer_pool_clean_victim" end time: Sep 15 10:27 中国标准时间
"tinydbms.buffer_pool_clean_victim" time elapsed: 00:00:00
----------------------------------------------------------

14/61 Testing: tinydbms.buffer_pool_dirty_victim
14/61 Test: tinydbms.buffer_pool_dirty_victim
Command: "D:/tinydbms/tinydbms/build-real/tests/tinydbms.buffer_pool_dirty_victim_test.exe"
Directory: D:/tinydbms/tinydbms/build-real/tests
"tinydbms.buffer_pool_dirty_victim" start time: Sep 15 10:27 中国标准时间
Output:
----------------------------------------------------------
<end of output>
Test time =   0.02 sec
----------------------------------------------------------
Test Passed.
"tinydbms.buffer_pool_dirty_victim" end time: Sep 15 10:27 中国标准时间
"tinydbms.buffer_pool_dirty_victim" time elapsed: 00:00:00
----------------------------------------------------------

14/61 Testing: tinydbms.buffer_pool_dirty_victim
14/61 Test: tinydbms.buffer_pool_dirty_victim
Command: "D:/tinydbms/tinydbms/build-real/tests/tinydbms.buffer_pool_dirty_victim_test.exe"
Directory: D:/tinydbms/tinydbms/build-real/tests
"tinydbms.buffer_pool_dirty_victim" start time: Sep 15 10:27 中国标准时间
Output:
----------------------------------------------------------
<end of output>
Test time =   0.02 sec
----------------------------------------------------------
Test Passed.
"tinydbms.buffer_pool_dirty_victim" end time: Sep 15 10:27 中国标准时间
"tinydbms.buffer_pool_dirty_victim" time elapsed: 00:00:00
----------------------------------------------------------

14/61 Testing: tinydbms.buffer_pool_dirty_victim
14/61 Test: tinydbms.buffer_pool_dirty_victim
Command: "D:/tinydbms/tinydbms/build-real/tests/tinydbms.buffer_pool_dirty_victim_test.exe"
Directory: D:/tinydbms/tinydbms/build-real/tests
"tinydbms.buffer_pool_dirty_victim" start time: Sep 15 10:27 中国标准时间
Output:
----------------------------------------------------------
<end of output>
Test time =   0.02 sec
----------------------------------------------------------
Test Passed.
"tinydbms.buffer_pool_dirty_victim" end time: Sep 15 10:27 中国标准时间
"tinydbms.buffer_pool_dirty_victim" time elapsed: 00:00:00
----------------------------------------------------------

14/61 Testing: tinydbms.buffer_pool_dirty_victim
14/61 Test: tinydbms.buffer_pool_dirty_victim
Command: "D:/tinydbms/tinydbms/build-real/tests/tinydbms.buffer_pool_dirty_victim_test.exe"
Directory: D:/tinydbms/tinydbms/build-real/tests
"tinydbms.buffer_pool_dirty_victim" start time: Sep 15 10:27 中国标准时间
Output:
----------------------------------------------------------
<end of output>
Test time =   0.02 sec
----------------------------------------------------------
Test Passed.
"tinydbms.buffer_pool_dirty_victim" end time: Sep 15 10:27 中国标准时间
"tinydbms.buffer_pool_dirty_victim" time elapsed: 00:00:00
----------------------------------------------------------

14/61 Testing: tinydbms.buffer_pool_dirty_victim
14/61 Test: tinydbms.buffer_pool_dirty_victim
Command: "D:/tinydbms/tinydbms/build-real/tests/tinydbms.buffer_pool_dirty_victim_test.exe"
Directory: D:/tinydbms/tinydbms/build-real/tests
"tinydbms.buffer_pool_dirty_victim" start time: Sep 15 10:27 中国标准时间
Output:
----------------------------------------------------------
<end of output>
Test time =   0.02 sec
----------------------------------------------------------
Test Passed.
"tinydbms.buffer_pool_dirty_victim" end time: Sep 15 10:27 中国标准时间
"tinydbms.buffer_pool_dirty_victim" time elapsed: 00:00:00
----------------------------------------------------------

14/61 Testing: tinydbms.buffer_pool_dirty_victim
14/61 Test: tinydbms.buffer_pool_dirty_victim
Command: "D:/tinydbms/tinydbms/build-real/tests/tinydbms.buffer_pool_dirty_victim_test.exe"
Directory: D:/tinydbms/tinydbms/build-real/tests
"tinydbms.buffer_pool_dirty_victim" start time: Sep 15 10:27 中国标准时间
Output:
----------------------------------------------------------
<end of output>
Test time =   0.04 sec
----------------------------------------------------------
Test Passed.
"tinydbms.buffer_pool_dirty_victim" end time: Sep 15 10:27 中国标准时间
"tinydbms.buffer_pool_dirty_victim" time elapsed: 00:00:00
----------------------------------------------------------

14/61 Testing: tinydbms.buffer_pool_dirty_victim
14/61 Test: tinydbms.buffer_pool_dirty_victim
Command: "D:/tinydbms/tinydbms/build-real/tests/tinydbms.buffer_pool_dirty_victim_test.exe"
Directory: D:/tinydbms/tinydbms/build-real/tests
"tinydbms.buffer_pool_dirty_victim" start time: Sep 15 10:27 中国标准时间
Output:
----------------------------------------------------------
<end of output>
Test time =   0.02 sec
----------------------------------------------------------
Test Passed.
"tinydbms.buffer_pool_dirty_victim" end time: Sep 15 10:27 中国标准时间
"tinydbms.buffer_pool_dirty_victim" time elapsed: 00:00:00
----------------------------------------------------------

14/61 Testing: tinydbms.buffer_pool_dirty_victim
14/61 Test: tinydbms.buffer_pool_dirty_victim
Command: "D:/tinydbms/tinydbms/build-real/tests/tinydbms.buffer_pool_dirty_victim_test.exe"
Directory: D:/tinydbms/tinydbms/build-real/tests
"tinydbms.buffer_pool_dirty_victim" start time: Sep 15 10:27 中国标准时间
Output:
----------------------------------------------------------
<end of output>
Test time =   0.02 sec
----------------------------------------------------------
Test Passed.
"tinydbms.buffer_pool_dirty_victim" end time: Sep 15 10:27 中国标准时间
"tinydbms.buffer_pool_dirty_victim" time elapsed: 00:00:00
----------------------------------------------------------

14/61 Testing: tinydbms.buffer_pool_dirty_victim
14/61 Test: tinydbms.buffer_pool_dirty_victim
Command: "D:/tinydbms/tinydbms/build-real/tests/tinydbms.buffer_pool_dirty_victim_test.exe"
Directory: D:/tinydbms/tinydbms/build-real/tests
"tinydbms.buffer_pool_dirty_victim" start time: Sep 15 10:27 中国标准时间
Output:
----------------------------------------------------------
<end of output>
Test time =   0.02 sec
----------------------------------------------------------
Test Passed.
"tinydbms.buffer_pool_dirty_victim" end time: Sep 15 10:27 中国标准时间
"tinydbms.buffer_pool_dirty_victim" time elapsed: 00:00:00
----------------------------------------------------------

14/61 Testing: tinydbms.buffer_pool_dirty_victim
14/61 Test: tinydbms.buffer_pool_dirty_victim
Command: "D:/tinydbms/tinydbms/build-real/tests/tinydbms.buffer_pool_dirty_victim_test.exe"
Directory: D:/tinydbms/tinydbms/build-real/tests
"tinydbms.buffer_pool_dirty_victim" start time: Sep 15 10:27 中国标准时间
Output:
----------------------------------------------------------
<end of output>
Test time =   0.02 sec
----------------------------------------------------------
Test Passed.
"tinydbms.buffer_pool_dirty_victim" end time: Sep 15 10:27 中国标准时间
"tinydbms.buffer_pool_dirty_victim" time elapsed: 00:00:00
----------------------------------------------------------

14/61 Testing: tinydbms.buffer_pool_dirty_victim
14/61 Test: tinydbms.buffer_pool_dirty_victim
Command: "D:/tinydbms/tinydbms/build-real/tests/tinydbms.buffer_pool_dirty_victim_test.exe"
Directory: D:/tinydbms/tinydbms/build-real/tests
"tinydbms.buffer_pool_dirty_victim" start time: Sep 15 10:27 中国标准时间
Output:
----------------------------------------------------------
<end of output>
Test time =   0.02 sec
----------------------------------------------------------
Test Passed.
"tinydbms.buffer_pool_dirty_victim" end time: Sep 15 10:27 中国标准时间
"tinydbms.buffer_pool_dirty_victim" time elapsed: 00:00:00
----------------------------------------------------------

14/61 Testing: tinydbms.buffer_pool_dirty_victim
14/61 Test: tinydbms.buffer_pool_dirty_victim
Command: "D:/tinydbms/tinydbms/build-real/tests/tinydbms.buffer_pool_dirty_victim_test.exe"
Directory: D:/tinydbms/tinydbms/build-real/tests
"tinydbms.buffer_pool_dirty_victim" start time: Sep 15 10:27 中国标准时间
Output:
----------------------------------------------------------
<end of output>
Test time =   0.02 sec
----------------------------------------------------------
Test Passed.
"tinydbms.buffer_pool_dirty_victim" end time: Sep 15 10:27 中国标准时间
"tinydbms.buffer_pool_dirty_victim" time elapsed: 00:00:00
----------------------------------------------------------

14/61 Testing: tinydbms.buffer_pool_dirty_victim
14/61 Test: tinydbms.buffer_pool_dirty_victim
Command: "D:/tinydbms/tinydbms/build-real/tests/tinydbms.buffer_pool_dirty_victim_test.exe"
Directory: D:/tinydbms/tinydbms/build-real/tests
"tinydbms.buffer_pool_dirty_victim" start time: Sep 15 10:27 中国标准时间
Output:
----------------------------------------------------------
<end of output>
Test time =   0.02 sec
----------------------------------------------------------
Test Passed.
"tinydbms.buffer_pool_dirty_victim" end time: Sep 15 10:27 中国标准时间
"tinydbms.buffer_pool_dirty_victim" time elapsed: 00:00:00
----------------------------------------------------------

14/61 Testing: tinydbms.buffer_pool_dirty_victim
14/61 Test: tinydbms.buffer_pool_dirty_victim
Command: "D:/tinydbms/tinydbms/build-real/tests/tinydbms.buffer_pool_dirty_victim_test.exe"
Directory: D:/tinydbms/tinydbms/build-real/tests
"tinydbms.buffer_pool_dirty_victim" start time: Sep 15 10:27 中国标准时间
Output:
----------------------------------------------------------
<end of output>
Test time =   0.02 sec
----------------------------------------------------------
Test Passed.
"tinydbms.buffer_pool_dirty_victim" end time: Sep 15 10:27 中国标准时间
"tinydbms.buffer_pool_dirty_victim" time elapsed: 00:00:00
----------------------------------------------------------

14/61 Testing: tinydbms.buffer_pool_dirty_victim
14/61 Test: tinydbms.buffer_pool_dirty_victim
Command: "D:/tinydbms/tinydbms/build-real/tests/tinydbms.buffer_pool_dirty_victim_test.exe"
Directory: D:/tinydbms/tinydbms/build-real/tests
"tinydbms.buffer_pool_dirty_victim" start time: Sep 15 10:27 中国标准时间
Output:
----------------------------------------------------------
<end of output>
Test time =   0.02 sec
----------------------------------------------------------
Test Passed.
"tinydbms.buffer_pool_dirty_victim" end time: Sep 15 10:27 中国标准时间
"tinydbms.buffer_pool_dirty_victim" time elapsed: 00:00:00
----------------------------------------------------------

14/61 Testing: tinydbms.buffer_pool_dirty_victim
14/61 Test: tinydbms.buffer_pool_dirty_victim
Command: "D:/tinydbms/tinydbms/build-real/tests/tinydbms.buffer_pool_dirty_victim_test.exe"
Directory: D:/tinydbms/tinydbms/build-real/tests
"tinydbms.buffer_pool_dirty_victim" start time: Sep 15 10:27 中国标准时间
Output:
----------------------------------------------------------
<end of output>
Test time =   0.02 sec
----------------------------------------------------------
Test Passed.
"tinydbms.buffer_pool_dirty_victim" end time: Sep 15 10:27 中国标准时间
"tinydbms.buffer_pool_dirty_victim" time elapsed: 00:00:00
----------------------------------------------------------

14/61 Testing: tinydbms.buffer_pool_dirty_victim
14/61 Test: tinydbms.buffer_pool_dirty_victim
Command: "D:/tinydbms/tinydbms/build-real/tests/tinydbms.buffer_pool_dirty_victim_test.exe"
Directory: D:/tinydbms/tinydbms/build-real/tests
"tinydbms.buffer_pool_dirty_victim" start time: Sep 15 10:27 中国标准时间
Output:
----------------------------------------------------------
<end of output>
Test time =   0.02 sec
----------------------------------------------------------
Test Passed.
"tinydbms.buffer_pool_dirty_victim" end time: Sep 15 10:27 中国标准时间
"tinydbms.buffer_pool_dirty_victim" time elapsed: 00:00:00
----------------------------------------------------------

14/61 Testing: tinydbms.buffer_pool_dirty_victim
14/61 Test: tinydbms.buffer_pool_dirty_victim
Command: "D:/tinydbms/tinydbms/build-real/tests/tinydbms.buffer_pool_dirty_victim_test.exe"
Directory: D:/tinydbms/tinydbms/build-real/tests
"tinydbms.buffer_pool_dirty_victim" start time: Sep 15 10:27 中国标准时间
Output:
----------------------------------------------------------
<end of output>
Test time =   0.02 sec
----------------------------------------------------------
Test Passed.
"tinydbms.buffer_pool_dirty_victim" end time: Sep 15 10:27 中国标准时间
"tinydbms.buffer_pool_dirty_victim" time elapsed: 00:00:00
----------------------------------------------------------

14/61 Testing: tinydbms.buffer_pool_dirty_victim
14/61 Test: tinydbms.buffer_pool_dirty_victim
Command: "D:/tinydbms/tinydbms/build-real/tests/tinydbms.buffer_pool_dirty_victim_test.exe"
Directory: D:/tinydbms/tinydbms/build-real/tests
"tinydbms.buffer_pool_dirty_victim" start time: Sep 15 10:27 中国标准时间
Output:
----------------------------------------------------------
<end of output>
Test time =   0.02 sec
----------------------------------------------------------
Test Passed.
"tinydbms.buffer_pool_dirty_victim" end time: Sep 15 10:27 中国标准时间
"tinydbms.buffer_pool_dirty_victim" time elapsed: 00:00:00
----------------------------------------------------------

14/61 Testing: tinydbms.buffer_pool_dirty_victim
14/61 Test: tinydbms.buffer_pool_dirty_victim
Command: "D:/tinydbms/tinydbms/build-real/tests/tinydbms.buffer_pool_dirty_victim_test.exe"
Directory: D:/tinydbms/tinydbms/build-real/tests
"tinydbms.buffer_pool_dirty_victim" start time: Sep 15 10:27 中国标准时间
Output:
----------------------------------------------------------
<end of output>
Test time =   0.02 sec
----------------------------------------------------------
Test Passed.
"tinydbms.buffer_pool_dirty_victim" end time: Sep 15 10:27 中国标准时间
"tinydbms.buffer_pool_dirty_victim" time elapsed: 00:00:00
----------------------------------------------------------

End testing: Sep 15 10:27 中国标准时间
